<?xml version="1.0" encoding="UTF-8"?>
<testsuite name="HashSecurityTest" tests="1" skipped="0" failures="0" errors="0" timestamp="2017-05-31T01:45:06" hostname="DESKTOP-2GD0001" time="0.006">
  <properties/>
  <testcase name="applyHashFunctionTest1" classname="HashSecurityTest" time="0.006"/>
  <system-out><![CDATA[]]></system-out>
  <system-err><![CDATA[]]></system-err>
</testsuite>
